#
# There is insufficient memory for the Java Runtime Environment to continue.
# Native memory allocation (mmap) failed to map 132120576 bytes for G1 virtual space
# Possible reasons:
#   The system is out of physical RAM or swap space
#   The process is running with CompressedOops enabled, and the Java Heap may be blocking the growth of the native heap
# Possible solutions:
#   Reduce memory load on the system
#   Increase physical memory or swap space
#   Check if swap backing store is full
#   Decrease Java heap size (-Xmx/-Xms)
#   Decrease number of Java threads
#   Decrease Java thread stack sizes (-Xss)
#   Set larger code cache with -XX:ReservedCodeCacheSize=
#   JVM is running with Unscaled Compressed Oops mode in which the Java heap is
#     placed in the first 4GB address space. The Java Heap base address is the
#     maximum limit for the native heap growth. Please use -XX:HeapBaseMinAddress
#     to set the Java Heap base and to place the Java Heap above 4GB virtual address.
# This output file may be truncated or incomplete.
#
#  Out of Memory Error (os_windows.cpp:3469), pid=7852, tid=8920
#
# JRE version:  (17.0+35) (build )
# Java VM: Java HotSpot(TM) 64-Bit Server VM (17+35-LTS-2724, mixed mode, sharing, tiered, compressed oops, compressed class ptrs, g1 gc, windows-amd64)
# No core dump will be written. Minidumps are not enabled by default on client versions of Windows
#

---------------  S U M M A R Y ------------

Command Line: 

Host: Intel(R) Core(TM) i3-8100 CPU @ 3.60GHz, 4 cores, 7G,  Windows 10 , 64 bit Build 22000 (10.0.22000.120)
Time: Fri Nov 12 14:09:56 2021 India Standard Time elapsed time: 0.164073 seconds (0d 0h 0m 0s)

---------------  T H R E A D  ---------------

Current thread (0x00000226ad53e3e0):  JavaThread "Unknown thread" [_thread_in_vm, id=8920, stack(0x000000b707f00000,0x000000b708000000)]

Stack: [0x000000b707f00000,0x000000b708000000]
Native frames: (J=compiled Java code, j=interpreted, Vv=VM code, C=native code)
V  [jvm.dll+0x66f8ea]
V  [jvm.dll+0x7ce224]
V  [jvm.dll+0x7cf9ce]
V  [jvm.dll+0x7d0033]
V  [jvm.dll+0x242bb5]
V  [jvm.dll+0x66c909]
V  [jvm.dll+0x6613d2]
V  [jvm.dll+0x30082b]
V  [jvm.dll+0x307db6]
V  [jvm.dll+0x357a0e]
V  [jvm.dll+0x357c3f]
V  [jvm.dll+0x2d7ae8]
V  [jvm.dll+0x2d8a54]
V  [jvm.dll+0x7a00a1]
V  [jvm.dll+0x365781]
V  [jvm.dll+0x77f59c]
V  [jvm.dll+0x3e805f]
V  [jvm.dll+0x3e9b01]
C  [jli.dll+0x527b]
C  [ucrtbase.dll+0x26c0c]
C  [KERNEL32.DLL+0x154e0]
C  [ntdll.dll+0x485b]


---------------  P R O C E S S  ---------------

Threads class SMR info:
_java_thread_list=0x00007ffef8967818, length=0, elements={
}

Java Threads: ( => current thread )

Other Threads:
  0x00000226ad57d590 GCTaskThread "GC Thread#0" [stack: 0x000000b708000000,0x000000b708100000] [id=20660]
  0x00000226ad58de50 ConcurrentGCThread "G1 Main Marker" [stack: 0x000000b708100000,0x000000b708200000] [id=7980]
  0x00000226ad58e760 ConcurrentGCThread "G1 Conc#0" [stack: 0x000000b708200000,0x000000b708300000] [id=6792]

[error occurred during error reporting (printing all threads), id 0xc0000005, EXCEPTION_ACCESS_VIOLATION (0xc0000005) at pc=0x00007ffef81b84c7]

VM state: not at safepoint (not fully initialized)

VM Mutex/Monitor currently owned by a thread:  ([mutex/lock_event])
[0x00000226ad539350] Heap_lock - owner thread: 0x00000226ad53e3e0

Heap address: 0x0000000082c00000, size: 2004 MB, Compressed Oops mode: 32-bit

CDS archive(s) mapped at: [0x0000000000000000-0x0000000000000000-0x0000000000000000), size 0, SharedBaseAddress: 0x0000000800000000, ArchiveRelocationMode: 0.
Narrow klass base: 0x0000000000000000, Narrow klass shift: 0, Narrow klass range: 0x0

GC Precious Log:
<Empty>

Heap:
 garbage-first heap   total 0K, used 0K [0x0000000082c00000, 0x0000000100000000)
  region size 1024K, 0 young (0K), 0 survivors (0K)

[error occurred during error reporting (printing heap information), id 0xc0000005, EXCEPTION_ACCESS_VIOLATION (0xc0000005) at pc=0x00007ffef8598c59]

GC Heap History (0 events):
No events

Deoptimization events (0 events):
No events

Classes unloaded (0 events):
No events

Classes redefined (0 events):
No events

Internal exceptions (0 events):
No events

VM Operations (0 events):
No events

Events (1 events):
Event: 0.031 Loaded shared library C:\Program Files\Java\jdk-17\bin\java.dll


Dynamic libraries:
0x00007ff6bfc20000 - 0x00007ff6bfc30000 	C:\Program Files\Java\jdk-17\bin\java.exe
0x00007fff3ffe0000 - 0x00007fff401e7000 	C:\WINDOWS\SYSTEM32\ntdll.dll
0x00007fff3ebd0000 - 0x00007fff3ec8d000 	C:\WINDOWS\System32\KERNEL32.DLL
0x00007fff3d7f0000 - 0x00007fff3db64000 	C:\WINDOWS\System32\KERNELBASE.dll
0x00007fff3db70000 - 0x00007fff3dc81000 	C:\WINDOWS\System32\ucrtbase.dll
0x00007fff2e020000 - 0x00007fff2e038000 	C:\Program Files\Java\jdk-17\bin\jli.dll
0x00007fff3de90000 - 0x00007fff3df3c000 	C:\WINDOWS\System32\ADVAPI32.dll
0x00007fff3f030000 - 0x00007fff3f0d3000 	C:\WINDOWS\System32\msvcrt.dll
0x00007fff2b940000 - 0x00007fff2b95a000 	C:\Program Files\Java\jdk-17\bin\VCRUNTIME140.dll
0x00007fff3fe70000 - 0x00007fff3ff0d000 	C:\WINDOWS\System32\sechost.dll
0x00007fff3fab0000 - 0x00007fff3fbd1000 	C:\WINDOWS\System32\RPCRT4.dll
0x00007fff3edc0000 - 0x00007fff3ef6c000 	C:\WINDOWS\System32\USER32.dll
0x00007fff3d7c0000 - 0x00007fff3d7e6000 	C:\WINDOWS\System32\win32u.dll
0x00007fff3ff70000 - 0x00007fff3ff99000 	C:\WINDOWS\System32\GDI32.dll
0x00007fff1ec00000 - 0x00007fff1eea5000 	C:\WINDOWS\WinSxS\amd64_microsoft.windows.common-controls_6595b64144ccf1df_6.0.22000.120_none_9d947278b86cc467\COMCTL32.dll
0x00007fff3dd50000 - 0x00007fff3de62000 	C:\WINDOWS\System32\gdi32full.dll
0x00007fff3d5b0000 - 0x00007fff3d64d000 	C:\WINDOWS\System32\msvcp_win.dll
0x00007fff36810000 - 0x00007fff3681a000 	C:\WINDOWS\SYSTEM32\VERSION.dll
0x00007fff3eff0000 - 0x00007fff3f021000 	C:\WINDOWS\System32\IMM32.DLL
0x00007fff39c90000 - 0x00007fff39c9c000 	C:\Program Files\Java\jdk-17\bin\vcruntime140_1.dll
0x00007fff25d00000 - 0x00007fff25d8d000 	C:\Program Files\Java\jdk-17\bin\msvcp140.dll
0x00007ffef7ed0000 - 0x00007ffef8a8e000 	C:\Program Files\Java\jdk-17\bin\server\jvm.dll
0x00007fff3fbe0000 - 0x00007fff3fbe8000 	C:\WINDOWS\System32\PSAPI.DLL
0x00007fff2d2f0000 - 0x00007fff2d2f9000 	C:\WINDOWS\SYSTEM32\WSOCK32.dll
0x00007fff3eb60000 - 0x00007fff3ebcf000 	C:\WINDOWS\System32\WS2_32.dll
0x00007fff2ef80000 - 0x00007fff2efb3000 	C:\WINDOWS\SYSTEM32\WINMM.dll
0x00007fff3c5f0000 - 0x00007fff3c608000 	C:\WINDOWS\SYSTEM32\kernel.appcore.dll
0x00007fff32b10000 - 0x00007fff32b1a000 	C:\Program Files\Java\jdk-17\bin\jimage.dll
0x00007fff24150000 - 0x00007fff24371000 	C:\WINDOWS\SYSTEM32\DBGHELP.DLL
0x00007fff240c0000 - 0x00007fff240f1000 	C:\WINDOWS\SYSTEM32\dbgcore.DLL
0x00007fff3d530000 - 0x00007fff3d5b0000 	C:\WINDOWS\System32\bcryptPrimitives.dll
0x00007fff25cd0000 - 0x00007fff25cf5000 	C:\Program Files\Java\jdk-17\bin\java.dll

dbghelp: loaded successfully - version: 4.0.5 - missing functions: none
symbol engine: initialized successfully - sym options: 0x614 - pdb path: .;C:\Program Files\Java\jdk-17\bin;C:\WINDOWS\SYSTEM32;C:\WINDOWS\WinSxS\amd64_microsoft.windows.common-controls_6595b64144ccf1df_6.0.22000.120_none_9d947278b86cc467;C:\Program Files\Java\jdk-17\bin\server

VM Arguments:
java_command: <unknown>
java_class_path (initial): <not set>
Launcher Type: SUN_STANDARD

[Global flags]
     intx CICompilerCount                          = 3                                         {product} {ergonomic}
     uint ConcGCThreads                            = 1                                         {product} {ergonomic}
     uint G1ConcRefinementThreads                  = 4                                         {product} {ergonomic}
   size_t G1HeapRegionSize                         = 1048576                                   {product} {ergonomic}
    uintx GCDrainStackTargetSize                   = 64                                        {product} {ergonomic}
   size_t InitialHeapSize                          = 132120576                                 {product} {ergonomic}
   size_t MarkStackSize                            = 4194304                                   {product} {ergonomic}
   size_t MaxHeapSize                              = 2101346304                                {product} {ergonomic}
   size_t MinHeapDeltaBytes                        = 1048576                                   {product} {ergonomic}
   size_t MinHeapSize                              = 8388608                                   {product} {ergonomic}
    uintx NonNMethodCodeHeapSize                   = 5832780                                {pd product} {ergonomic}
    uintx NonProfiledCodeHeapSize                  = 122912730                              {pd product} {ergonomic}
    uintx ProfiledCodeHeapSize                     = 122912730                              {pd product} {ergonomic}
    uintx ReservedCodeCacheSize                    = 251658240                              {pd product} {ergonomic}
     bool SegmentedCodeCache                       = true                                      {product} {ergonomic}
   size_t SoftMaxHeapSize                          = 2101346304                             {manageable} {ergonomic}
     bool UseCompressedClassPointers               = true                           {product lp64_product} {ergonomic}
     bool UseCompressedOops                        = true                           {product lp64_product} {ergonomic}
     bool UseG1GC                                  = true                                      {product} {ergonomic}
     bool UseLargePagesIndividualAllocation        = false                                  {pd product} {ergonomic}

Logging:
Log output configuration:
 #0: stdout all=warning uptime,level,tags
 #1: stderr all=off uptime,level,tags

Environment Variables:
PATH=C:\Program Files\Common Files\Oracle\Java\javapath;C:\WINDOWS\system32;C:\WINDOWS;C:\WINDOWS\System32\Wbem;C:\WINDOWS\System32\WindowsPowerShell\v1.0\;C:\WINDOWS\System32\OpenSSH\;C:\Program Files\Git\cmd;C:\Program Files\nodejs\;C:\Users\rampo\AppData\Local\Microsoft\WindowsApps;C:\src\flutter\bin;C:\Users\rampo\AppData\Local\Programs\Microsoft VS Code\bin;C:\Users\rampo\AppData\Roaming\npm;C:\Users\rampo\AppData\Local\Android\Sdk\platform-tools;;C:\src\flutter\bin\mingit\cmd
USERNAME=rampo
OS=Windows_NT
PROCESSOR_IDENTIFIER=Intel64 Family 6 Model 158 Stepping 11, GenuineIntel



---------------  S Y S T E M  ---------------

OS:
 Windows 10 , 64 bit Build 22000 (10.0.22000.120)
OS uptime: 1 days 22:57 hours

CPU: total 4 (initial active 4) (4 cores per cpu, 1 threads per core) family 6 model 158 stepping 11 microcode 0xea, cx8, cmov, fxsr, mmx, 3dnowpref, sse, sse2, sse3, ssse3, sse4.1, sse4.2, popcnt, lzcnt, tsc, tscinvbit, avx, avx2, aes, erms, clmul, bmi1, bmi2, adx, fma, vzeroupper, clflush, clflushopt

Memory: 4k page, system-wide physical 8015M (318M free)
TotalPageFile size 32591M (AvailPageFile size 6M)
current process WorkingSet (physical memory assigned to process): 10M, peak: 10M
current process commit charge ("private bytes"): 51M, peak: 177M

vm_info: Java HotSpot(TM) 64-Bit Server VM (17+35-LTS-2724) for windows-amd64 JRE (17+35-LTS-2724), built on Aug  5 2021 23:28:28 by "mach5one" with MS VC++ 16.8 (VS2019)

END.
